#
# There is insufficient memory for the Java Runtime Environment to continue.
# Native memory allocation (mmap) failed to map 266338304 bytes for G1 virtual space
# Possible reasons:
#   The system is out of physical RAM or swap space
#   The process is running with CompressedOops enabled, and the Java Heap may be blocking the growth of the native heap
# Possible solutions:
#   Reduce memory load on the system
#   Increase physical memory or swap space
#   Check if swap backing store is full
#   Decrease Java heap size (-Xmx/-Xms)
#   Decrease number of Java threads
#   Decrease Java thread stack sizes (-Xss)
#   Set larger code cache with -XX:ReservedCodeCacheSize=
#   JVM is running with Zero Based Compressed Oops mode in which the Java heap is
#     placed in the first 32GB address space. The Java Heap base address is the
#     maximum limit for the native heap growth. Please use -XX:HeapBaseMinAddress
#     to set the Java Heap base and to place the Java Heap above 32GB virtual address.
# This output file may be truncated or incomplete.
#
#  Out of Memory Error (./open/src/hotspot/os/windows/os_windows.cpp:3321), pid=32684, tid=14144
#
# JRE version:  (15.0.2+7) (build )
# Java VM: OpenJDK 64-Bit Server VM (15.0.2+7-27, mixed mode, sharing, tiered, compressed oops, g1 gc, windows-amd64)
# No core dump will be written. Minidumps are not enabled by default on client versions of Windows
#

---------------  S U M M A R Y ------------

Command Line: -Dcom.sun.management.jmxremote -Dcom.sun.management.jmxremote.port=49194 -Dcom.sun.management.jmxremote.authenticate=false -Dcom.sun.management.jmxremote.ssl=false -Djava.rmi.server.hostname=localhost -Dspring.jmx.enabled=true -Dspring.application.admin.enabled=true -XX:TieredStopAtLevel=1 -Dspring.boot.project.name=simple-stream-consumer -Dfile.encoding=UTF-8 -XX:+ShowCodeDetailsInExceptionMessages edu.bjtu.stream.consumer.SimpleStreamConsumerApplication

Host: Intel(R) Core(TM) i7-10510U CPU @ 1.80GHz, 8 cores, 15G,  Windows 10 , 64 bit Build 18362 (10.0.18362.1500)
Time: Sun May 30 01:29:58 2021 ?D1¨²¡À¨º¡Á?¨º¡À?? elapsed time: 0.019655 seconds (0d 0h 0m 0s)

---------------  T H R E A D  ---------------

Current thread (0x0000026c964f1460):  JavaThread "Unknown thread" [_thread_in_vm, id=14144, stack(0x000000a954600000,0x000000a954700000)]

Stack: [0x000000a954600000,0x000000a954700000]
Native frames: (J=compiled Java code, j=interpreted, Vv=VM code, C=native code)
V  [jvm.dll+0x62ae9a]
V  [jvm.dll+0x7817a9]
V  [jvm.dll+0x782f03]
V  [jvm.dll+0x783563]
V  [jvm.dll+0x216325]
V  [jvm.dll+0x6281d9]
V  [jvm.dll+0x61cf55]
V  [jvm.dll+0x2cffdd]
V  [jvm.dll+0x2cfe42]
V  [jvm.dll+0x2d5e1c]
V  [jvm.dll+0x32590a]
V  [jvm.dll+0x324fd4]
V  [jvm.dll+0x2a6f5a]
V  [jvm.dll+0x2a80f8]
V  [jvm.dll+0x75e241]
V  [jvm.dll+0x3341c4]
V  [jvm.dll+0x73e926]
V  [jvm.dll+0x3b7557]
V  [jvm.dll+0x3b8fe1]
C  [jli.dll+0x52fb]
C  [ucrtbase.dll+0x210b2]
C  [KERNEL32.DLL+0x17c24]
C  [ntdll.dll+0x6d721]


---------------  P R O C E S S  ---------------

Threads class SMR info:
_java_thread_list=0x00007ffb65f34ff0, length=0, elements={
}

Java Threads: ( => current thread )

Other Threads:
  0x0000026c9653f610 GCTaskThread "GC Thread#0" [stack: 0x000000a954700000,0x000000a954800000] [id=25448]
  0x0000026c96550b60 ConcurrentGCThread "G1 Main Marker" [stack: 0x000000a954800000,0x000000a954900000] [id=27940]
  0x0000026c96551660 ConcurrentGCThread "G1 Conc#0" [stack: 0x000000a954900000,0x000000a954a00000] [id=2072]

[error occurred during error reporting (printing all threads), id 0xc0000005, EXCEPTION_ACCESS_VIOLATION (0xc0000005) at pc=0x00007ffb65727e27]

VM state: not at safepoint (not fully initialized)

VM Mutex/Monitor currently owned by a thread:  ([mutex/lock_event])
[0x0000026c964ed0b0] Heap_lock - owner thread: 0x0000026c964f1460

Heap address: 0x0000000702a00000, size: 4054 MB, Compressed Oops mode: Zero based, Oop shift amount: 3
CDS archive(s) mapped at: [0x0000000000000000-0x0000000000000000-0x0000000000000000), size 0, SharedBaseAddress: 0x0000000800000000, ArchiveRelocationMode: 0.
Narrow klass base: 0x0000000000000000, Narrow klass shift: 0, Narrow klass range: 0x0

Heap:
 garbage-first heap   total 260096K, used 0K [0x0000000702a00000, 0x0000000800000000)
  region size 2048K, 0 young (0K), 0 survivors (0K)
 Metaspace       used 0K, capacity 0K, committed 0K, reserved 0K
  class space    used 0K, capacity 0K, committed 0K, reserved 0K

Heap Regions: E=young(eden), S=young(survivor), O=old, HS=humongous(starts), HC=humongous(continues), CS=collection set, F=free, OA=open archive, CA=closed archive, TAMS=top-at-mark-start (previous, next)

Card table byte_map: [0x0000026cb0140000,0x0000026cb0930000] _byte_map_base: 0x0000026cac92b000

Marking Bits (Prev, Next): (CMBitMap*) 0x0000026c9653fd10, (CMBitMap*) 0x0000026c9653fd50
 Prev Bits: [0x0000026cb1120000, 0x0000026cb5078000)
 Next Bits: [0x0000026cb5080000, 0x0000026cb8fd8000)

GC Heap History (0 events):
No events

Deoptimization events (0 events):
No events

Classes unloaded (0 events):
No events

Classes redefined (0 events):
No events

Internal exceptions (0 events):
No events

Events (1 events):
Event: 0.006 Loaded shared library D:\Program Files\jdk_15_0_2\bin\java.dll


Dynamic libraries:
0x00007ff66b4f0000 - 0x00007ff66b4fd000 	D:\Program Files\jdk_15_0_2\bin\javaw.exe
0x00007ffbcc4c0000 - 0x00007ffbcc6b0000 	C:\WINDOWS\SYSTEM32\ntdll.dll
0x00007ffbcc2a0000 - 0x00007ffbcc352000 	C:\WINDOWS\System32\KERNEL32.DLL
0x00007ffbc9d60000 - 0x00007ffbca005000 	C:\WINDOWS\System32\KERNELBASE.dll
0x00007ffbca470000 - 0x00007ffbca56a000 	C:\WINDOWS\System32\ucrtbase.dll
0x00007ffba3cf0000 - 0x00007ffba3d09000 	D:\Program Files\jdk_15_0_2\bin\VCRUNTIME140.dll
0x00007ffbbf6f0000 - 0x00007ffbbf708000 	D:\Program Files\jdk_15_0_2\bin\jli.dll
0x00007ffbcc100000 - 0x00007ffbcc294000 	C:\WINDOWS\System32\USER32.dll
0x00007ffbca310000 - 0x00007ffbca331000 	C:\WINDOWS\System32\win32u.dll
0x00007ffbcbe70000 - 0x00007ffbcbe96000 	C:\WINDOWS\System32\GDI32.dll
0x00007ffbb8100000 - 0x00007ffbb8384000 	C:\WINDOWS\WinSxS\amd64_microsoft.windows.common-controls_6595b64144ccf1df_6.0.18362.1556_none_9e7e372fe45e41d5\COMCTL32.dll
0x00007ffbca170000 - 0x00007ffbca308000 	C:\WINDOWS\System32\gdi32full.dll
0x00007ffbcaa40000 - 0x00007ffbcaade000 	C:\WINDOWS\System32\msvcrt.dll
0x00007ffbca3d0000 - 0x00007ffbca46e000 	C:\WINDOWS\System32\msvcp_win.dll
0x00007ffbcb7a0000 - 0x00007ffbcbad6000 	C:\WINDOWS\System32\combase.dll
0x00007ffbcbea0000 - 0x00007ffbcbfbf000 	C:\WINDOWS\System32\RPCRT4.dll
0x00007ffbca340000 - 0x00007ffbca3c1000 	C:\WINDOWS\System32\bcryptPrimitives.dll
0x00007ffbcc450000 - 0x00007ffbcc47e000 	C:\WINDOWS\System32\IMM32.DLL
0x00007ffbc10e0000 - 0x00007ffbc10ec000 	D:\Program Files\jdk_15_0_2\bin\vcruntime140_1.dll
0x00007ffb9ce50000 - 0x00007ffb9cee1000 	D:\Program Files\jdk_15_0_2\bin\msvcp140.dll
0x00007ffb65470000 - 0x00007ffb65fce000 	D:\Program Files\jdk_15_0_2\bin\server\jvm.dll
0x00007ffbca5e0000 - 0x00007ffbca683000 	C:\WINDOWS\System32\ADVAPI32.dll
0x00007ffbcaae0000 - 0x00007ffbcab77000 	C:\WINDOWS\System32\sechost.dll
0x00007ffbcc090000 - 0x00007ffbcc098000 	C:\WINDOWS\System32\PSAPI.DLL
0x00007ffbb6220000 - 0x00007ffbb6244000 	C:\WINDOWS\SYSTEM32\WINMM.dll
0x00007ffbc4f40000 - 0x00007ffbc4f49000 	C:\WINDOWS\SYSTEM32\WSOCK32.dll
0x00007ffbc4950000 - 0x00007ffbc495a000 	C:\WINDOWS\SYSTEM32\VERSION.dll
0x00007ffbcc360000 - 0x00007ffbcc3cf000 	C:\WINDOWS\System32\WS2_32.dll
0x00007ffbb9e30000 - 0x00007ffbb9e5d000 	C:\WINDOWS\SYSTEM32\WINMMBASE.dll
0x00007ffbc9c60000 - 0x00007ffbc9caa000 	C:\WINDOWS\System32\cfgmgr32.dll
0x00007ffbc93a0000 - 0x00007ffbc93b1000 	C:\WINDOWS\System32\kernel.appcore.dll
0x00007ffbc4f30000 - 0x00007ffbc4f3a000 	D:\Program Files\jdk_15_0_2\bin\jimage.dll
0x00007ffbc1ea0000 - 0x00007ffbc2094000 	C:\WINDOWS\SYSTEM32\DBGHELP.DLL
0x00007ffbc1e40000 - 0x00007ffbc1e6a000 	C:\WINDOWS\SYSTEM32\dbgcore.DLL
0x00007ffbaa710000 - 0x00007ffbaa735000 	D:\Program Files\jdk_15_0_2\bin\java.dll

dbghelp: loaded successfully - version: 4.0.5 - missing functions: none
symbol engine: initialized successfully - sym options: 0x614 - pdb path: .;D:\Program Files\jdk_15_0_2\bin;C:\WINDOWS\SYSTEM32;C:\WINDOWS\WinSxS\amd64_microsoft.windows.common-controls_6595b64144ccf1df_6.0.18362.1556_none_9e7e372fe45e41d5;D:\Program Files\jdk_15_0_2\bin\server

VM Arguments:
jvm_args: -Dcom.sun.management.jmxremote -Dcom.sun.management.jmxremote.port=49194 -Dcom.sun.management.jmxremote.authenticate=false -Dcom.sun.management.jmxremote.ssl=false -Djava.rmi.server.hostname=localhost -Dspring.jmx.enabled=true -Dspring.application.admin.enabled=true -XX:TieredStopAtLevel=1 -Dspring.boot.project.name=simple-stream-consumer -Dfile.encoding=UTF-8 -XX:+ShowCodeDetailsInExceptionMessages 
java_command: edu.bjtu.stream.consumer.SimpleStreamConsumerApplication
java_class_path (initial): D:\Users\zlg\workspace\eclipse_workspace\simple-stream\simple-stream-consumer\target\classes;D:\Public\.m2\repo\org\springframework\kafka\spring-kafka\2.6.8\spring-kafka-2.6.8.jar;D:\Public\.m2\repo\org\springframework\spring-context\5.3.7\spring-context-5.3.7.jar;D:\Public\.m2\repo\org\springframework\spring-aop\5.3.7\spring-aop-5.3.7.jar;D:\Public\.m2\repo\org\springframework\spring-beans\5.3.7\spring-beans-5.3.7.jar;D:\Public\.m2\repo\org\springframework\spring-expression\5.3.7\spring-expression-5.3.7.jar;D:\Public\.m2\repo\org\springframework\spring-messaging\5.3.7\spring-messaging-5.3.7.jar;D:\Public\.m2\repo\org\springframework\spring-tx\5.3.7\spring-tx-5.3.7.jar;D:\Public\.m2\repo\org\springframework\retry\spring-retry\1.3.1\spring-retry-1.3.1.jar;D:\Public\.m2\repo\javax\annotation\javax.annotation-api\1.3.2\javax.annotation-api-1.3.2.jar;D:\Public\.m2\repo\org\apache\kafka\kafka-clients\2.6.2\kafka-clients-2.6.2.jar;D:\Public\.m2\repo\com\github\luben\zstd-jni\1.4.4-7\zstd-jni-1.4.4-7.jar;D:\Public\.m2\repo\org\lz4\lz4-java\1.7.1\lz4-java-1.7.1.jar;D:\Public\.m2\repo\org\xerial\snappy\snappy-java\1.1.7.3\snappy-java-1.1.7.3.jar;D:\Public\.m2\repo\org\slf4j\slf4j-api\1.7.30\slf4j-api-1.7.30.jar;D:\Public\.m2\repo\com\fasterxml\jackson\core\jackson-databind\2.11.4\jackson-databind-2.11.4.jar;D:\Public\.m2\repo\com\fasterxml\jackson\core\jackson-annotations\2.11.4\jackson-annotations-2.11.4.jar;D:\Public\.m2\repo\com\fasterxml\jackson\core\jackson-core\2.11.4\jackson-core-2.11.4.jar;D:\Public\.m2\repo\org\springframework\boot\spring-boot-starter-web\2.4.6\spring-boot-starter-web-2.4.6.jar;D:\Public\.m2\repo\org\springframework\boot\spring-boot-starter\2.4.6\spring-boot-starter-2.4.6.jar;D:\Public\.m2\repo\org\springframework\boot\spring-boot\2.4.6\spring-boot-2.4.6.jar;D:\Public\.m2\repo\org\springframework\boot\spring-boot-autoconfigure\2.4.6\spring-boot-autoconfigure-2.4.6.jar;D:\Public\.m2\repo\org\springframework\boot\spring-bo
Launcher Type: SUN_STANDARD

[Global flags]
     intx CICompilerCount                          = 4                                         {product} {ergonomic}
     uint ConcGCThreads                            = 2                                         {product} {ergonomic}
     uint G1ConcRefinementThreads                  = 8                                         {product} {ergonomic}
   size_t G1HeapRegionSize                         = 2097152                                   {product} {ergonomic}
    uintx GCDrainStackTargetSize                   = 64                                        {product} {ergonomic}
   size_t InitialHeapSize                          = 266338304                                 {product} {ergonomic}
     bool ManagementServer                         = true                                      {product} {command line}
   size_t MarkStackSize                            = 4194304                                   {product} {ergonomic}
   size_t MaxHeapSize                              = 4250927104                                {product} {ergonomic}
   size_t MinHeapDeltaBytes                        = 2097152                                   {product} {ergonomic}
   size_t MinHeapSize                              = 8388608                                   {product} {ergonomic}
    uintx NonNMethodCodeHeapSize                   = 7549744                                {pd product} {ergonomic}
    uintx NonProfiledCodeHeapSize                  = 244108496                              {pd product} {ergonomic}
    uintx ProfiledCodeHeapSize                     = 0                                      {pd product} {ergonomic}
    uintx ReservedCodeCacheSize                    = 251658240                              {pd product} {ergonomic}
     bool SegmentedCodeCache                       = true                                      {product} {ergonomic}
     bool ShowCodeDetailsInExceptionMessages       = true                                   {manageable} {command line}
   size_t SoftMaxHeapSize                          = 4250927104                             {manageable} {ergonomic}
     intx TieredStopAtLevel                        = 1                                         {product} {command line}
     bool UseCompressedClassPointers               = true                                 {lp64_product} {ergonomic}
     bool UseCompressedOops                        = true                                 {lp64_product} {ergonomic}
     bool UseG1GC                                  = true                                      {product} {ergonomic}
     bool UseLargePagesIndividualAllocation        = false                                  {pd product} {ergonomic}

Logging:
Log output configuration:
 #0: stdout all=warning uptime,level,tags
 #1: stderr all=off uptime,level,tags

Environment Variables:
JAVA_HOME=D:\Program Files\jdk_15_0_2
PATH=D:/Program Files/jdk_15_0_2/bin/server;D:/Program Files/jdk_15_0_2/bin;C:\Windows\system32;C:\Windows;C:\Windows\System32\Wbem;C:\Windows\System32\WindowsPowerShell\v1.0\;C:\Windows\System32\OpenSSH\;C:\Program Files (x86)\NVIDIA Corporation\PhysX\Common;C:\Program Files\NVIDIA Corporation\NVIDIA NvDLISR;D:\Python\ProgramData\Anaconda3;D:\Python\ProgramData\Anaconda3\Scripts;D:\Python\ProgramData\Anaconda3\Library\bin;C:\WINDOWS\system32;C:\WINDOWS;C:\WINDOWS\System32\Wbem;C:\WINDOWS\System32\WindowsPowerShell\v1.0\;C:\WINDOWS\System32\OpenSSH\;d:\Program Files\Git\cmd;C:\Program Files\Docker\Docker\resources\bin;C:\ProgramData\DockerDesktop\version-bin;D:\Program Files\apache-maven\bin;D:\Program Files\jdk_15_0_2\bin;D:\Program Files\mysql-8.0.23\bin;D:\program\nodejs\node_cache;D:\program\nodejs\;D:\program\nodejs\node_global;C:\Users\gjh\AppData\Local\Microsoft\WindowsApps;C:\Users\gjh\AppData\Roaming\npm;D:\Program Files\eclipse;
USERNAME=gjh
OS=Windows_NT
PROCESSOR_IDENTIFIER=Intel64 Family 6 Model 142 Stepping 12, GenuineIntel



---------------  S Y S T E M  ---------------

OS:
 Windows 10 , 64 bit Build 18362 (10.0.18362.1500)
OS uptime: 16 days 0:20 hours
HyperV virtualization detected

CPU: total 8 (initial active 8) (4 cores per cpu, 2 threads per core) family 6 model 142 stepping 12 microcode 0xde, cmov, cx8, fxsr, mmx, sse, sse2, sse3, ssse3, sse4.1, sse4.2, popcnt, vzeroupper, avx, avx2, aes, clmul, erms, 3dnowpref, lzcnt, ht, tsc, tscinvbit, bmi1, bmi2, adx, fma, clflush, clflushopt

Memory: 4k page, system-wide physical 16211M (5799M free)
TotalPageFile size 26451M (AvailPageFile size 211M)
current process WorkingSet (physical memory assigned to process): 10M, peak: 10M
current process commit charge ("private bytes"): 58M, peak: 312M

vm_info: OpenJDK 64-Bit Server VM (15.0.2+7-27) for windows-amd64 JRE (15.0.2+7-27), built on Dec  7 2020 20:02:38 by "mach5one" with unknown MS VC++:1925

END.
